2025-04-13T12:32:11.913Z [32minfo[39m: Server running on port 3000
2025-04-13T12:33:37.192Z [32minfo[39m: Server running on port 3000
2025-04-13T12:33:37.199Z [32minfo[39m: Connected to Redis
2025-04-13T12:33:42.024Z [32minfo[39m: Server running on port 3000
2025-04-13T12:33:42.031Z [32minfo[39m: Connected to Redis
2025-04-13T12:33:51.640Z [32minfo[39m: Room routes accessed
2025-04-13T12:33:51.643Z [32minfo[39m: Token verified for user ID: 7f0335f6-01c7-4bba-bc6d-b5abf5f0a3c0
2025-04-13T12:33:51.647Z [32minfo[39m: Fetching all rooms
2025-04-13T12:33:51.692Z [32minfo[39m: All rooms fetched and cached
2025-04-13T12:36:39.971Z [INFO] Server running on port 3000
2025-04-13T12:36:39.978Z [INFO] Connected to Redis
2025-04-13T12:37:26.971Z [INFO] Server running on port 3000
2025-04-13T12:37:26.981Z [INFO] Connected to Redis
2025-04-13T12:37:47.596Z [INFO] Room routes accessed
2025-04-13T12:37:47.596Z [WARN] Unauthorized access attempt: Missing token
2025-04-13T12:48:05.296Z [INFO] Server running on port 3000
2025-04-13T12:48:05.304Z [INFO] Connected to Redis
2025-04-13T13:14:20.757Z [INFO] Server running on port 3000
2025-04-13T13:14:20.768Z [INFO] Connected to Redis
2025-04-13T13:17:13.298Z [INFO] Server running on port 3000
2025-04-13T13:17:13.304Z [INFO] Connected to Redis
2025-04-13T13:17:58.455Z [INFO] Server running on port 3000
2025-04-13T13:17:58.460Z [INFO] Connected to Redis
2025-04-13T13:21:22.145Z [INFO] Server running on port 3000
2025-04-13T13:21:22.153Z [INFO] Connected to Redis
2025-04-14T18:27:55.645Z [INFO] Server running on port 3000
2025-04-14T18:34:46.439Z [INFO] Server running on port 3000
2025-04-14T18:37:24.163Z [INFO] Server running on port 3000
2025-04-14T18:37:24.203Z [INFO] Connected to Redis
2025-04-14T18:42:02.539Z [INFO] Server running on port 3000
2025-04-14T18:42:14.832Z [INFO] SIGINT signal received: closing Redis client
2025-04-14T18:42:15.474Z [INFO] SIGINT signal received: closing Redis client
2025-04-14T18:43:01.563Z [INFO] Server running on port 3000
2025-04-14T18:43:01.584Z [INFO] Connected to Redis
2025-04-18T10:00:02.681Z [INFO] Server running on port 3000
2025-04-18T10:05:51.135Z [INFO] Server running on port 3000
2025-04-18T10:10:23.115Z [INFO] Server running on port 3000
2025-04-18T10:15:42.526Z [INFO] Server running on port 3000
2025-04-18T10:15:42.587Z [INFO] Connected to Redis
